[2017-11-13 20:07:16] request.INFO: Matched route "admin_module_catalog". {"route_parameters":{"_controller":"PrestaShopBundle\\Controller\\Admin\\ModuleController::catalogAction","_legacy_controller":"AdminModules","_route":"admin_module_catalog"},"request_uri":"http://gold.prestashop.com/demo/admin030d4c6z9/index.php/module/catalog?_token=l99Wsk6zkYKc6UickORhLckQ6AF6f_OyMmNZI9yyngY"} []
[2017-11-13 20:07:16] security.DEBUG: Read existing security token from the session. {"key":"_security_main"} []
[2017-11-13 20:07:16] security.DEBUG: User was reloaded from a user provider. {"username":"goldminer1030@gmail.com","provider":"PrestaShopBundle\\Security\\Admin\\EmployeeProvider"} []
[2017-11-13 20:07:19] request.CRITICAL: Uncaught PHP Exception Symfony\Component\Debug\Exception\FatalErrorException: "Compile Error: Cannot redeclare class Ps_Banner" at E:\xampp\htdocs\prestashop\demo\modules\ps_banner\ps_banner.php line 33 {"exception":"[object] (Symfony\\Component\\Debug\\Exception\\FatalErrorException(code: 0): Compile Error: Cannot redeclare class Ps_Banner at E:\\xampp\\htdocs\\prestashop\\demo\\modules\\ps_banner\\ps_banner.php:33)"} []
[2017-11-13 20:07:19] security.DEBUG: Stored the security token in the session. {"key":"_security_main"} []
[2017-11-13 20:07:31] request.INFO: Matched route "admin_module_catalog". {"route_parameters":{"_controller":"PrestaShopBundle\\Controller\\Admin\\ModuleController::catalogAction","_legacy_controller":"AdminModules","_route":"admin_module_catalog"},"request_uri":"http://gold.prestashop.com/demo/admin030d4c6z9/index.php/module/catalog?_token=l99Wsk6zkYKc6UickORhLckQ6AF6f_OyMmNZI9yyngY"} []
[2017-11-13 20:07:31] security.DEBUG: Read existing security token from the session. {"key":"_security_main"} []
[2017-11-13 20:07:31] security.DEBUG: User was reloaded from a user provider. {"username":"goldminer1030@gmail.com","provider":"PrestaShopBundle\\Security\\Admin\\EmployeeProvider"} []
[2017-11-13 20:07:32] request.CRITICAL: Uncaught PHP Exception Symfony\Component\Debug\Exception\FatalErrorException: "Compile Error: Cannot redeclare class Ps_Banner" at E:\xampp\htdocs\prestashop\demo\modules\ps_banner\ps_banner.php line 33 {"exception":"[object] (Symfony\\Component\\Debug\\Exception\\FatalErrorException(code: 0): Compile Error: Cannot redeclare class Ps_Banner at E:\\xampp\\htdocs\\prestashop\\demo\\modules\\ps_banner\\ps_banner.php:33)"} []
[2017-11-13 20:07:32] security.DEBUG: Stored the security token in the session. {"key":"_security_main"} []
[2017-11-13 20:07:37] request.INFO: Matched route "admin_module_manage". {"route_parameters":{"category":null,"keyword":null,"_controller":"PrestaShopBundle\\Controller\\Admin\\ModuleController::manageAction","_legacy_controller":"AdminModules","_route":"admin_module_manage"},"request_uri":"http://gold.prestashop.com/demo/admin030d4c6z9/index.php/module/manage?_token=l99Wsk6zkYKc6UickORhLckQ6AF6f_OyMmNZI9yyngY"} []
[2017-11-13 20:07:37] security.DEBUG: Read existing security token from the session. {"key":"_security_main"} []
[2017-11-13 20:07:37] security.DEBUG: User was reloaded from a user provider. {"username":"goldminer1030@gmail.com","provider":"PrestaShopBundle\\Security\\Admin\\EmployeeProvider"} []
[2017-11-13 20:07:39] request.CRITICAL: Uncaught PHP Exception Symfony\Component\Debug\Exception\FatalErrorException: "Compile Error: Cannot redeclare class Ps_Banner" at E:\xampp\htdocs\prestashop\demo\modules\ps_banner\ps_banner.php line 33 {"exception":"[object] (Symfony\\Component\\Debug\\Exception\\FatalErrorException(code: 0): Compile Error: Cannot redeclare class Ps_Banner at E:\\xampp\\htdocs\\prestashop\\demo\\modules\\ps_banner\\ps_banner.php:33)"} []
[2017-11-13 20:07:39] security.DEBUG: Stored the security token in the session. {"key":"_security_main"} []
[2017-11-13 20:08:00] request.INFO: Matched route "admin_module_catalog". {"route_parameters":{"_controller":"PrestaShopBundle\\Controller\\Admin\\ModuleController::catalogAction","_legacy_controller":"AdminModules","_route":"admin_module_catalog"},"request_uri":"http://gold.prestashop.com/demo/admin030d4c6z9/index.php/module/catalog?_token=l99Wsk6zkYKc6UickORhLckQ6AF6f_OyMmNZI9yyngY"} []
[2017-11-13 20:08:00] security.DEBUG: Read existing security token from the session. {"key":"_security_main"} []
[2017-11-13 20:08:00] security.DEBUG: User was reloaded from a user provider. {"username":"goldminer1030@gmail.com","provider":"PrestaShopBundle\\Security\\Admin\\EmployeeProvider"} []
[2017-11-13 20:08:00] request.CRITICAL: Uncaught PHP Exception Symfony\Component\Debug\Exception\FatalErrorException: "Compile Error: Cannot redeclare class Ps_Banner" at E:\xampp\htdocs\prestashop\demo\modules\ps_banner\ps_banner.php line 33 {"exception":"[object] (Symfony\\Component\\Debug\\Exception\\FatalErrorException(code: 0): Compile Error: Cannot redeclare class Ps_Banner at E:\\xampp\\htdocs\\prestashop\\demo\\modules\\ps_banner\\ps_banner.php:33)"} []
[2017-11-13 20:08:00] security.DEBUG: Stored the security token in the session. {"key":"_security_main"} []
[2017-11-13 20:08:28] request.INFO: Matched route "admin_module_catalog". {"route_parameters":{"_controller":"PrestaShopBundle\\Controller\\Admin\\ModuleController::catalogAction","_legacy_controller":"AdminModules","_route":"admin_module_catalog"},"request_uri":"http://gold.prestashop.com/demo/admin030d4c6z9/index.php/module/catalog?_token=l99Wsk6zkYKc6UickORhLckQ6AF6f_OyMmNZI9yyngY"} []
[2017-11-13 20:08:28] security.DEBUG: Read existing security token from the session. {"key":"_security_main"} []
[2017-11-13 20:08:28] security.DEBUG: User was reloaded from a user provider. {"username":"goldminer1030@gmail.com","provider":"PrestaShopBundle\\Security\\Admin\\EmployeeProvider"} []
[2017-11-13 20:08:28] request.CRITICAL: Uncaught PHP Exception Symfony\Component\Debug\Exception\FatalErrorException: "Compile Error: Cannot redeclare class Ps_Banner" at E:\xampp\htdocs\prestashop\demo\modules\ps_banner\ps_banner.php line 33 {"exception":"[object] (Symfony\\Component\\Debug\\Exception\\FatalErrorException(code: 0): Compile Error: Cannot redeclare class Ps_Banner at E:\\xampp\\htdocs\\prestashop\\demo\\modules\\ps_banner\\ps_banner.php:33)"} []
[2017-11-13 20:08:28] security.DEBUG: Stored the security token in the session. {"key":"_security_main"} []
[2017-11-13 20:18:44] request.INFO: Matched route "admin_module_catalog". {"route_parameters":{"_controller":"PrestaShopBundle\\Controller\\Admin\\ModuleController::catalogAction","_legacy_controller":"AdminModules","_route":"admin_module_catalog"},"request_uri":"http://gold.prestashop.com/demo/admin030d4c6z9/index.php/module/catalog?_token=l99Wsk6zkYKc6UickORhLckQ6AF6f_OyMmNZI9yyngY"} []
[2017-11-13 20:18:44] security.DEBUG: Read existing security token from the session. {"key":"_security_main"} []
[2017-11-13 20:18:44] security.DEBUG: User was reloaded from a user provider. {"username":"goldminer1030@gmail.com","provider":"PrestaShopBundle\\Security\\Admin\\EmployeeProvider"} []
[2017-11-13 20:18:44] request.CRITICAL: Uncaught PHP Exception Symfony\Component\Debug\Exception\FatalErrorException: "Compile Error: Cannot redeclare class Ps_Banner" at E:\xampp\htdocs\prestashop\demo\modules\ps_banner\ps_banner.php line 33 {"exception":"[object] (Symfony\\Component\\Debug\\Exception\\FatalErrorException(code: 0): Compile Error: Cannot redeclare class Ps_Banner at E:\\xampp\\htdocs\\prestashop\\demo\\modules\\ps_banner\\ps_banner.php:33)"} []
[2017-11-13 20:18:44] security.DEBUG: Stored the security token in the session. {"key":"_security_main"} []
[2017-11-13 20:19:53] request.INFO: Matched route "admin_module_catalog". {"route_parameters":{"_controller":"PrestaShopBundle\\Controller\\Admin\\ModuleController::catalogAction","_legacy_controller":"AdminModules","_route":"admin_module_catalog"},"request_uri":"http://gold.prestashop.com/demo/admin030d4c6z9/index.php/module/catalog?_token=l99Wsk6zkYKc6UickORhLckQ6AF6f_OyMmNZI9yyngY"} []
[2017-11-13 20:19:53] security.DEBUG: Read existing security token from the session. {"key":"_security_main"} []
[2017-11-13 20:19:53] security.DEBUG: User was reloaded from a user provider. {"username":"goldminer1030@gmail.com","provider":"PrestaShopBundle\\Security\\Admin\\EmployeeProvider"} []
[2017-11-13 20:19:53] request.CRITICAL: Uncaught PHP Exception Symfony\Component\Debug\Exception\FatalErrorException: "Compile Error: Cannot redeclare class Ps_Banner" at E:\xampp\htdocs\prestashop\demo\modules\ps_banner\ps_banner.php line 33 {"exception":"[object] (Symfony\\Component\\Debug\\Exception\\FatalErrorException(code: 0): Compile Error: Cannot redeclare class Ps_Banner at E:\\xampp\\htdocs\\prestashop\\demo\\modules\\ps_banner\\ps_banner.php:33)"} []
[2017-11-13 20:19:53] security.DEBUG: Stored the security token in the session. {"key":"_security_main"} []
[2017-11-13 20:21:03] request.INFO: Matched route "admin_module_catalog". {"route_parameters":{"_controller":"PrestaShopBundle\\Controller\\Admin\\ModuleController::catalogAction","_legacy_controller":"AdminModules","_route":"admin_module_catalog"},"request_uri":"http://gold.prestashop.com/demo/admin030d4c6z9/index.php/module/catalog?_token=l99Wsk6zkYKc6UickORhLckQ6AF6f_OyMmNZI9yyngY"} []
[2017-11-13 20:21:03] security.DEBUG: Read existing security token from the session. {"key":"_security_main"} []
[2017-11-13 20:21:03] security.DEBUG: User was reloaded from a user provider. {"username":"goldminer1030@gmail.com","provider":"PrestaShopBundle\\Security\\Admin\\EmployeeProvider"} []
[2017-11-13 20:21:03] request.CRITICAL: Uncaught PHP Exception Symfony\Component\Debug\Exception\FatalErrorException: "Compile Error: Cannot redeclare class Ps_Banner" at E:\xampp\htdocs\prestashop\demo\modules\ps_banner\ps_banner.php line 33 {"exception":"[object] (Symfony\\Component\\Debug\\Exception\\FatalErrorException(code: 0): Compile Error: Cannot redeclare class Ps_Banner at E:\\xampp\\htdocs\\prestashop\\demo\\modules\\ps_banner\\ps_banner.php:33)"} []
[2017-11-13 20:21:03] security.DEBUG: Stored the security token in the session. {"key":"_security_main"} []
[2017-11-13 20:22:00] request.INFO: Matched route "admin_module_catalog". {"route_parameters":{"_controller":"PrestaShopBundle\\Controller\\Admin\\ModuleController::catalogAction","_legacy_controller":"AdminModules","_route":"admin_module_catalog"},"request_uri":"http://gold.prestashop.com/demo/admin030d4c6z9/index.php/module/catalog?_token=l99Wsk6zkYKc6UickORhLckQ6AF6f_OyMmNZI9yyngY"} []
[2017-11-13 20:22:00] security.DEBUG: Read existing security token from the session. {"key":"_security_main"} []
[2017-11-13 20:22:00] security.DEBUG: User was reloaded from a user provider. {"username":"goldminer1030@gmail.com","provider":"PrestaShopBundle\\Security\\Admin\\EmployeeProvider"} []
[2017-11-13 20:22:01] request.CRITICAL: Uncaught PHP Exception Symfony\Component\Debug\Exception\FatalErrorException: "Compile Error: Cannot redeclare class Ps_Banner" at E:\xampp\htdocs\prestashop\demo\modules\ps_banner\ps_banner.php line 33 {"exception":"[object] (Symfony\\Component\\Debug\\Exception\\FatalErrorException(code: 0): Compile Error: Cannot redeclare class Ps_Banner at E:\\xampp\\htdocs\\prestashop\\demo\\modules\\ps_banner\\ps_banner.php:33)"} []
[2017-11-13 20:22:01] security.DEBUG: Stored the security token in the session. {"key":"_security_main"} []
